127.0.0.1 - - [11/Jul/2025 15:46:57] "HEAD / HTTP/1.1" 200 -
127.0.0.1 - - [11/Jul/2025 15:52:39] "GET / HTTP/1.1" 200 -
127.0.0.1 - - [11/Jul/2025 15:52:40] "GET /app.js HTTP/1.1" 200 -
127.0.0.1 - - [11/Jul/2025 15:52:40] "GET /styles.css HTTP/1.1" 200 -
127.0.0.1 - - [11/Jul/2025 15:52:41] code 404, message File not found
127.0.0.1 - - [11/Jul/2025 15:52:41] "GET /favicon.ico HTTP/1.1" 404 -
----------------------------------------
Exception occurred during processing of request from ('127.0.0.1', 54474)
Traceback (most recent call last):
  File "/usr/lib/python3.13/http/server.py", line 731, in send_head
    f = open(path, 'rb')
FileNotFoundError: [Errno 2] No such file or directory: '/home/ultimatebrok/Downloads/ECharts-test-2/favicon.ico'

During handling of the above exception, another exception occurred:

Traceback (most recent call last):
  File "/usr/lib/python3.13/socketserver.py", line 697, in process_request_thread
    self.finish_request(request, client_address)
    ~~~~~~~~~~~~~~~~~~~^^^^^^^^^^^^^^^^^^^^^^^^^
  File "/usr/lib/python3.13/http/server.py", line 1320, in finish_request
    self.RequestHandlerClass(request, client_address, self,
    ~~~~~~~~~~~~~~~~~~~~~~~~^^^^^^^^^^^^^^^^^^^^^^^^^^^^^^^
                             directory=args.directory)
                             ^^^^^^^^^^^^^^^^^^^^^^^^^
  File "/usr/lib/python3.13/http/server.py", line 672, in __init__
    super().__init__(*args, **kwargs)
    ~~~~~~~~~~~~~~~~^^^^^^^^^^^^^^^^^
  File "/usr/lib/python3.13/socketserver.py", line 766, in __init__
    self.handle()
    ~~~~~~~~~~~^^
  File "/usr/lib/python3.13/http/server.py", line 436, in handle
    self.handle_one_request()
    ~~~~~~~~~~~~~~~~~~~~~~~^^
  File "/usr/lib/python3.13/http/server.py", line 424, in handle_one_request
    method()
    ~~~~~~^^
  File "/usr/lib/python3.13/http/server.py", line 676, in do_GET
    f = self.send_head()
  File "/usr/lib/python3.13/http/server.py", line 733, in send_head
    self.send_error(HTTPStatus.NOT_FOUND, "File not found")
    ~~~~~~~~~~~~~~~^^^^^^^^^^^^^^^^^^^^^^^^^^^^^^^^^^^^^^^^
  File "/usr/lib/python3.13/http/server.py", line 491, in send_error
    self.wfile.write(body)
    ~~~~~~~~~~~~~~~~^^^^^^
  File "/usr/lib/python3.13/socketserver.py", line 845, in write
    self._sock.sendall(b)
    ~~~~~~~~~~~~~~~~~~^^^
BrokenPipeError: [Errno 32] Broken pipe
----------------------------------------
127.0.0.1 - - [11/Jul/2025 15:55:12] "GET / HTTP/1.1" 304 -
127.0.0.1 - - [11/Jul/2025 15:55:12] "GET /app.js HTTP/1.1" 200 -
127.0.0.1 - - [11/Jul/2025 15:58:30] "GET / HTTP/1.1" 304 -
127.0.0.1 - - [11/Jul/2025 15:58:30] "GET /styles.css HTTP/1.1" 304 -
127.0.0.1 - - [11/Jul/2025 15:58:30] "GET /app.js HTTP/1.1" 304 -
127.0.0.1 - - [11/Jul/2025 16:01:41] "GET / HTTP/1.1" 200 -
127.0.0.1 - - [11/Jul/2025 16:01:42] "GET /styles.css HTTP/1.1" 200 -
127.0.0.1 - - [11/Jul/2025 16:01:42] "GET /app.js HTTP/1.1" 200 -
127.0.0.1 - - [11/Jul/2025 16:01:44] code 404, message File not found
127.0.0.1 - - [11/Jul/2025 16:01:44] "GET /favicon.ico HTTP/1.1" 404 -
127.0.0.1 - - [11/Jul/2025 16:02:00] "GET / HTTP/1.1" 304 -
192.168.1.33 - - [11/Jul/2025 16:03:39] "GET / HTTP/1.1" 200 -
192.168.1.33 - - [11/Jul/2025 16:03:39] "GET /styles.css HTTP/1.1" 200 -
192.168.1.33 - - [11/Jul/2025 16:03:39] "GET /app.js HTTP/1.1" 200 -
192.168.1.34 - - [11/Jul/2025 16:04:01] "GET / HTTP/1.1" 200 -
192.168.1.34 - - [11/Jul/2025 16:04:01] "GET /app.js HTTP/1.1" 200 -
192.168.1.34 - - [11/Jul/2025 16:04:01] "GET /styles.css HTTP/1.1" 200 -
192.168.1.34 - - [11/Jul/2025 16:04:02] code 404, message File not found
192.168.1.34 - - [11/Jul/2025 16:04:02] "GET /favicon.ico HTTP/1.1" 404 -
192.168.1.33 - - [11/Jul/2025 16:05:04] "GET / HTTP/1.1" 304 -
192.168.1.33 - - [11/Jul/2025 16:05:04] "GET /app.js HTTP/1.1" 200 -
192.168.1.33 - - [11/Jul/2025 16:07:02] "GET / HTTP/1.1" 200 -
192.168.1.33 - - [11/Jul/2025 16:07:02] "GET /app.js HTTP/1.1" 200 -
127.0.0.1 - - [11/Jul/2025 16:07:48] "GET / HTTP/1.1" 200 -
127.0.0.1 - - [11/Jul/2025 16:07:49] "GET /styles.css HTTP/1.1" 304 -
127.0.0.1 - - [11/Jul/2025 16:07:49] "GET /app.js HTTP/1.1" 200 -
127.0.0.1 - - [11/Jul/2025 16:08:26] "GET / HTTP/1.1" 304 -
127.0.0.1 - - [11/Jul/2025 16:08:26] "GET /app.js HTTP/1.1" 200 -
127.0.0.1 - - [11/Jul/2025 16:10:10] "GET / HTTP/1.1" 304 -
127.0.0.1 - - [11/Jul/2025 16:10:11] "GET /app.js HTTP/1.1" 304 -
127.0.0.1 - - [11/Jul/2025 16:10:23] "GET / HTTP/1.1" 304 -
127.0.0.1 - - [11/Jul/2025 16:10:23] "GET /app.js HTTP/1.1" 200 -
127.0.0.1 - - [11/Jul/2025 16:11:12] "GET / HTTP/1.1" 304 -
127.0.0.1 - - [11/Jul/2025 16:11:12] "GET /app.js HTTP/1.1" 200 -
127.0.0.1 - - [11/Jul/2025 16:23:17] "GET / HTTP/1.1" 200 -
127.0.0.1 - - [11/Jul/2025 16:23:17] "GET /app.js HTTP/1.1" 200 -
127.0.0.1 - - [11/Jul/2025 16:23:17] "GET /styles.css HTTP/1.1" 304 -
192.168.1.33 - - [11/Jul/2025 16:23:26] "GET / HTTP/1.1" 200 -
192.168.1.33 - - [11/Jul/2025 16:23:26] "GET /styles.css HTTP/1.1" 304 -
192.168.1.33 - - [11/Jul/2025 16:23:26] "GET /app.js HTTP/1.1" 200 -
192.168.1.33 - - [11/Jul/2025 16:25:07] "GET /test-debug.html HTTP/1.1" 200 -
192.168.1.33 - - [11/Jul/2025 16:25:08] "GET /app.js HTTP/1.1" 304 -
192.168.1.33 - - [11/Jul/2025 16:25:08] "GET /index.html HTTP/1.1" 200 -
192.168.1.33 - - [11/Jul/2025 16:25:29] "GET / HTTP/1.1" 304 -
192.168.1.33 - - [11/Jul/2025 16:25:41] code 404, message File not found
192.168.1.33 - - [11/Jul/2025 16:25:41] "GET /test-tab.html HTTP/1.1" 404 -
192.168.1.33 - - [11/Jul/2025 16:25:43] "GET / HTTP/1.1" 200 -
192.168.1.33 - - [11/Jul/2025 16:25:43] "GET /styles.css HTTP/1.1" 200 -
192.168.1.33 - - [11/Jul/2025 16:25:43] "GET /app.js HTTP/1.1" 200 -
192.168.1.33 - - [11/Jul/2025 16:25:51] "GET /test_tabs.html HTTP/1.1" 200 -
192.168.1.33 - - [11/Jul/2025 16:25:53] "GET /app.js HTTP/1.1" 304 -
192.168.1.33 - - [11/Jul/2025 16:28:10] "GET / HTTP/1.1" 304 -
192.168.1.33 - - [11/Jul/2025 16:28:10] "GET /app.js HTTP/1.1" 304 -
192.168.1.33 - - [11/Jul/2025 16:29:41] "GET / HTTP/1.1" 304 -
192.168.1.33 - - [11/Jul/2025 16:29:41] "GET /app.js HTTP/1.1" 200 -
192.168.1.33 - - [11/Jul/2025 16:31:34] "GET / HTTP/1.1" 304 -
192.168.1.33 - - [11/Jul/2025 16:31:34] "GET /styles.css HTTP/1.1" 200 -
192.168.1.33 - - [11/Jul/2025 16:31:34] "GET /app.js HTTP/1.1" 200 -
192.168.1.33 - - [11/Jul/2025 16:37:03] "GET / HTTP/1.1" 200 -
192.168.1.33 - - [11/Jul/2025 16:37:04] "GET /styles.css HTTP/1.1" 200 -
192.168.1.33 - - [11/Jul/2025 16:37:04] "GET /app.js HTTP/1.1" 304 -
192.168.1.33 - - [11/Jul/2025 16:39:39] "GET / HTTP/1.1" 304 -
192.168.1.33 - - [11/Jul/2025 16:39:40] "GET /styles.css HTTP/1.1" 304 -
192.168.1.33 - - [11/Jul/2025 16:39:40] "GET /app.js HTTP/1.1" 200 -
192.168.1.33 - - [11/Jul/2025 16:40:37] "GET / HTTP/1.1" 304 -
192.168.1.33 - - [11/Jul/2025 16:40:38] "GET /styles.css HTTP/1.1" 304 -
192.168.1.33 - - [11/Jul/2025 16:40:38] "GET /app.js HTTP/1.1" 304 -
192.168.1.33 - - [11/Jul/2025 16:49:05] "GET / HTTP/1.1" 200 -
192.168.1.33 - - [11/Jul/2025 16:49:05] "GET /styles.css HTTP/1.1" 200 -
192.168.1.33 - - [11/Jul/2025 16:49:05] "GET /app.js HTTP/1.1" 200 -
192.168.1.33 - - [11/Jul/2025 16:54:32] "GET / HTTP/1.1" 200 -
192.168.1.33 - - [11/Jul/2025 16:54:33] "GET /styles.css HTTP/1.1" 200 -
192.168.1.33 - - [11/Jul/2025 16:54:33] "GET /app.js HTTP/1.1" 304 -
192.168.1.33 - - [11/Jul/2025 16:55:41] "GET / HTTP/1.1" 304 -
192.168.1.33 - - [11/Jul/2025 16:55:41] "GET /styles.css HTTP/1.1" 200 -
192.168.1.33 - - [11/Jul/2025 16:56:14] "GET / HTTP/1.1" 304 -
192.168.1.33 - - [11/Jul/2025 16:56:14] "GET /styles.css HTTP/1.1" 200 -
192.168.1.33 - - [11/Jul/2025 16:56:14] "GET /app.js HTTP/1.1" 304 -
192.168.1.33 - - [11/Jul/2025 16:56:58] "GET / HTTP/1.1" 304 -
192.168.1.33 - - [11/Jul/2025 16:56:59] "GET /styles.css HTTP/1.1" 304 -
192.168.1.33 - - [11/Jul/2025 16:57:36] "GET / HTTP/1.1" 304 -
192.168.1.33 - - [11/Jul/2025 16:57:36] "GET /styles.css HTTP/1.1" 304 -
192.168.1.33 - - [11/Jul/2025 16:57:44] "GET / HTTP/1.1" 304 -
192.168.1.33 - - [11/Jul/2025 16:57:45] "GET /styles.css HTTP/1.1" 200 -
192.168.1.33 - - [11/Jul/2025 16:58:18] "GET / HTTP/1.1" 304 -
192.168.1.33 - - [11/Jul/2025 16:58:19] "GET /styles.css HTTP/1.1" 200 -
192.168.1.33 - - [11/Jul/2025 16:58:19] "GET /app.js HTTP/1.1" 200 -
192.168.1.33 - - [11/Jul/2025 16:59:30] "GET / HTTP/1.1" 304 -
192.168.1.33 - - [11/Jul/2025 16:59:30] "GET /styles.css HTTP/1.1" 200 -
192.168.1.33 - - [11/Jul/2025 16:59:30] "GET /app.js HTTP/1.1" 304 -
192.168.1.33 - - [11/Jul/2025 17:00:23] "GET / HTTP/1.1" 304 -
192.168.1.33 - - [11/Jul/2025 17:00:24] "GET /styles.css HTTP/1.1" 200 -
192.168.1.33 - - [11/Jul/2025 17:00:24] "GET /app.js HTTP/1.1" 304 -
192.168.1.33 - - [11/Jul/2025 17:01:21] "GET / HTTP/1.1" 304 -
192.168.1.33 - - [11/Jul/2025 17:01:22] "GET /styles.css HTTP/1.1" 200 -
192.168.1.33 - - [11/Jul/2025 17:01:22] "GET /app.js HTTP/1.1" 304 -
192.168.1.33 - - [11/Jul/2025 17:03:28] "GET / HTTP/1.1" 304 -
192.168.1.33 - - [11/Jul/2025 17:03:28] "GET /styles.css HTTP/1.1" 200 -
192.168.1.33 - - [11/Jul/2025 17:03:28] "GET /app.js HTTP/1.1" 304 -
192.168.1.33 - - [11/Jul/2025 17:04:39] "GET / HTTP/1.1" 304 -
192.168.1.33 - - [11/Jul/2025 17:04:39] "GET /styles.css HTTP/1.1" 200 -
192.168.1.33 - - [11/Jul/2025 17:04:39] "GET /app.js HTTP/1.1" 200 -
192.168.1.33 - - [11/Jul/2025 17:05:36] "GET / HTTP/1.1" 304 -
192.168.1.33 - - [11/Jul/2025 17:05:36] "GET /styles.css HTTP/1.1" 200 -
192.168.1.33 - - [11/Jul/2025 17:05:36] "GET /app.js HTTP/1.1" 200 -
192.168.1.33 - - [11/Jul/2025 17:06:36] "GET / HTTP/1.1" 304 -
192.168.1.33 - - [11/Jul/2025 17:06:36] "GET /app.js HTTP/1.1" 200 -
192.168.1.33 - - [11/Jul/2025 17:06:36] "GET /styles.css HTTP/1.1" 304 -
192.168.1.33 - - [11/Jul/2025 17:13:07] "GET / HTTP/1.1" 200 -
192.168.1.33 - - [11/Jul/2025 17:13:08] "GET /styles.css HTTP/1.1" 200 -
192.168.1.33 - - [11/Jul/2025 17:13:08] "GET /app.js HTTP/1.1" 200 -
192.168.1.33 - - [11/Jul/2025 17:14:00] "GET / HTTP/1.1" 304 -
192.168.1.33 - - [11/Jul/2025 17:14:00] "GET /styles.css HTTP/1.1" 200 -
192.168.1.33 - - [11/Jul/2025 17:14:00] "GET /app.js HTTP/1.1" 304 -
192.168.1.33 - - [11/Jul/2025 17:15:57] "GET / HTTP/1.1" 304 -
192.168.1.33 - - [11/Jul/2025 17:15:58] "GET /styles.css HTTP/1.1" 200 -
192.168.1.33 - - [11/Jul/2025 17:15:58] "GET /app.js HTTP/1.1" 304 -
192.168.1.33 - - [11/Jul/2025 17:16:51] "GET / HTTP/1.1" 304 -
192.168.1.33 - - [11/Jul/2025 17:16:51] "GET /styles.css HTTP/1.1" 304 -
192.168.1.33 - - [11/Jul/2025 17:25:26] "GET / HTTP/1.1" 304 -
192.168.1.33 - - [11/Jul/2025 17:25:27] "GET /styles.css HTTP/1.1" 200 -
192.168.1.33 - - [11/Jul/2025 17:25:27] "GET /app.js HTTP/1.1" 304 -
192.168.1.33 - - [11/Jul/2025 17:27:06] "GET / HTTP/1.1" 200 -
192.168.1.33 - - [11/Jul/2025 17:27:07] "GET /styles.css HTTP/1.1" 200 -
192.168.1.33 - - [11/Jul/2025 17:27:07] "GET /app.js HTTP/1.1" 200 -
192.168.1.33 - - [11/Jul/2025 17:28:14] "GET / HTTP/1.1" 304 -
192.168.1.33 - - [11/Jul/2025 17:28:14] "GET /styles.css HTTP/1.1" 304 -
192.168.1.33 - - [11/Jul/2025 17:33:02] "GET / HTTP/1.1" 200 -
192.168.1.33 - - [11/Jul/2025 17:33:02] "GET /app.js HTTP/1.1" 304 -
192.168.1.33 - - [11/Jul/2025 17:33:02] "GET /styles.css HTTP/1.1" 304 -
192.168.1.33 - - [11/Jul/2025 17:33:57] "GET / HTTP/1.1" 304 -
192.168.1.33 - - [11/Jul/2025 17:33:58] "GET /styles.css HTTP/1.1" 304 -
192.168.1.33 - - [11/Jul/2025 17:34:17] "GET / HTTP/1.1" 304 -
192.168.1.33 - - [11/Jul/2025 17:34:25] "GET / HTTP/1.1" 304 -
192.168.1.33 - - [11/Jul/2025 17:34:49] "GET / HTTP/1.1" 304 -
192.168.1.34 - - [11/Jul/2025 17:40:22] code 404, message File not found
192.168.1.34 - - [11/Jul/2025 17:40:22] "GET /favicon.ico HTTP/1.1" 404 -
192.168.1.33 - - [11/Jul/2025 17:40:43] "GET / HTTP/1.1" 200 -
192.168.1.33 - - [11/Jul/2025 17:40:43] "GET /styles.css HTTP/1.1" 200 -
192.168.1.33 - - [11/Jul/2025 17:40:43] "GET /app.js HTTP/1.1" 200 -
